<?xml version="1.0" encoding="UTF-8"?>
<!-- Generated by org.testng.reporters.JUnitReportReporter -->
<testsuite skipped="5" hostname="Murats-MacBook-Pro.local" name="com.prestashop.tests.login.NegativeSignInTests" tests="6" failures="0" timestamp="19 Mar 2018 17:21:20 GMT" time="0.000" errors="1">
  <testcase name="noPasswordTest" time="0.000" classname="com.prestashop.tests.login.NegativeSignInTests">
    <skipped/>
  </testcase> <!-- noPasswordTest -->
  <testcase name="invalidPassword" time="0.000" classname="com.prestashop.tests.login.NegativeSignInTests">
    <skipped/>
  </testcase> <!-- invalidPassword -->
  <testcase name="wrongCredentialsTest" time="0.000" classname="com.prestashop.tests.login.NegativeSignInTests">
    <skipped/>
  </testcase> <!-- wrongCredentialsTest -->
  <testcase name="noEmailTest" time="0.000" classname="com.prestashop.tests.login.NegativeSignInTests">
    <skipped/>
  </testcase> <!-- noEmailTest -->
  <testcase name="setUpTests" time="0.000" classname="com.prestashop.tests.login.NegativeSignInTests">
    <error type="org.testng.TestNGException" message="
Parameter &#039;browser&#039; is required by BeforeMethod on method setUpTests but has not been marked @Optional or defined
in /private/var/folders/v4/09rnf2q12475959wtb96zvcm0000gn/T/testng-eclipse-724590386/testng-customsuite.xml">
      <![CDATA[org.testng.TestNGException: 
Parameter 'browser' is required by BeforeMethod on method setUpTests but has not been marked @Optional or defined
in /private/var/folders/v4/09rnf2q12475959wtb96zvcm0000gn/T/testng-eclipse-724590386/testng-customsuite.xml
at org.testng.internal.Parameters.createParams(Parameters.java:290)
at org.testng.internal.Parameters.createParametersForMethod(Parameters.java:359)
at org.testng.internal.Parameters.createParameters(Parameters.java:620)
at org.testng.internal.Parameters.createConfigurationParameters(Parameters.java:190)
at org.testng.internal.Invoker.invokeConfigurations(Invoker.java:209)
at org.testng.internal.Invoker.invokeMethod(Invoker.java:523)
at org.testng.internal.Invoker.invokeTestMethod(Invoker.java:719)
at org.testng.internal.Invoker.invokeTestMethods(Invoker.java:989)
at org.testng.internal.TestMethodWorker.invokeTestMethods(TestMethodWorker.java:125)
at org.testng.internal.TestMethodWorker.run(TestMethodWorker.java:109)
at org.testng.TestRunner.privateRun(TestRunner.java:648)
at org.testng.TestRunner.run(TestRunner.java:505)
at org.testng.SuiteRunner.runTest(SuiteRunner.java:455)
at org.testng.SuiteRunner.runSequentially(SuiteRunner.java:450)
at org.testng.SuiteRunner.privateRun(SuiteRunner.java:415)
at org.testng.SuiteRunner.run(SuiteRunner.java:364)
at org.testng.SuiteRunnerWorker.runSuite(SuiteRunnerWorker.java:52)
at org.testng.SuiteRunnerWorker.run(SuiteRunnerWorker.java:84)
at org.testng.TestNG.runSuitesSequentially(TestNG.java:1208)
at org.testng.TestNG.runSuitesLocally(TestNG.java:1137)
at org.testng.TestNG.runSuites(TestNG.java:1049)
at org.testng.TestNG.run(TestNG.java:1017)
at org.testng.remote.AbstractRemoteTestNG.run(AbstractRemoteTestNG.java:114)
at org.testng.remote.RemoteTestNG.initAndRun(RemoteTestNG.java:251)
at org.testng.remote.RemoteTestNG.main(RemoteTestNG.java:77)
]]>
    </error>
  </testcase> <!-- setUpTests -->
  <testcase name="invalidEmail" time="0.000" classname="com.prestashop.tests.login.NegativeSignInTests">
    <skipped/>
  </testcase> <!-- invalidEmail -->
</testsuite> <!-- com.prestashop.tests.login.NegativeSignInTests -->
