<?xml version="1.0" encoding="UTF-8"?>
<!-- Generated by org.testng.reporters.JUnitXMLReporter -->
<testsuite hostname="Murats-MacBook-Pro.local" ignored="0" name="Integration Test" tests="6" failures="0" timestamp="18 Jan 2018 23:21:15 GMT" time="0.055" errors="0">
  <testcase name="@BeforeMethod setUpTests" time="0.0" classname="com.prestashop.tests.login.PositiveSignInTests">
    <failure type="org.testng.TestNGException" message="
Parameter &amp;apos;browser&amp;apos; is required by BeforeMethod on method setUpTests but has not been marked @Optional or defined
in /Users/muratdinc/Documents/eclipse-workspace/PrestaShopAutomation/src/testng.xml">
      <![CDATA[org.testng.TestNGException: Parameter 'browser' is required by BeforeMethod on method setUpTests but has not been marked @Optional or definedin /Users/muratdinc/Documents/eclipse-workspace/PrestaShopAutomation/src/testng.xml... Removed 25 stack frames]]>
    </failure>
  </testcase> <!-- @BeforeMethod setUpTests -->
  <testcase name="@AfterMethod close" time="0.0" classname="com.prestashop.tests.login.PositiveSignInTests">
    <skipped/>
  </testcase> <!-- @AfterMethod close -->
  <testcase name="@BeforeMethod setUpTests" time="0.0" classname="com.prestashop.tests.login.NegativeSignInTests">
    <failure type="org.testng.TestNGException" message="
Parameter &amp;apos;browser&amp;apos; is required by BeforeMethod on method setUpTests but has not been marked @Optional or defined
in /Users/muratdinc/Documents/eclipse-workspace/PrestaShopAutomation/src/testng.xml">
      <![CDATA[org.testng.TestNGException: Parameter 'browser' is required by BeforeMethod on method setUpTests but has not been marked @Optional or definedin /Users/muratdinc/Documents/eclipse-workspace/PrestaShopAutomation/src/testng.xml... Removed 25 stack frames]]>
    </failure>
  </testcase> <!-- @BeforeMethod setUpTests -->
  <testcase name="@AfterMethod closeTest" time="0.0" classname="com.prestashop.tests.login.NegativeSignInTests">
    <skipped/>
  </testcase> <!-- @AfterMethod closeTest -->
  <testcase name="@BeforeMethod setUpTests" time="0.0" classname="com.prestashop.tests.login.NegativeSignInTests">
    <skipped/>
  </testcase> <!-- @BeforeMethod setUpTests -->
  <testcase name="@AfterMethod closeTest" time="0.0" classname="com.prestashop.tests.login.NegativeSignInTests">
    <skipped/>
  </testcase> <!-- @AfterMethod closeTest -->
  <testcase name="@BeforeMethod setUpTests" time="0.0" classname="com.prestashop.tests.login.NegativeSignInTests">
    <skipped/>
  </testcase> <!-- @BeforeMethod setUpTests -->
  <testcase name="@AfterMethod closeTest" time="0.0" classname="com.prestashop.tests.login.NegativeSignInTests">
    <skipped/>
  </testcase> <!-- @AfterMethod closeTest -->
  <testcase name="@BeforeMethod setUpTests" time="0.0" classname="com.prestashop.tests.login.NegativeSignInTests">
    <skipped/>
  </testcase> <!-- @BeforeMethod setUpTests -->
  <testcase name="@AfterMethod closeTest" time="0.0" classname="com.prestashop.tests.login.NegativeSignInTests">
    <skipped/>
  </testcase> <!-- @AfterMethod closeTest -->
  <testcase name="@BeforeMethod setUpTests" time="0.0" classname="com.prestashop.tests.login.NegativeSignInTests">
    <skipped/>
  </testcase> <!-- @BeforeMethod setUpTests -->
  <testcase name="@AfterMethod closeTest" time="0.0" classname="com.prestashop.tests.login.NegativeSignInTests">
    <skipped/>
  </testcase> <!-- @AfterMethod closeTest -->
  <testcase name="rightCredentialsTest" time="0.0" classname="com.prestashop.tests.login.PositiveSignInTests">
    <skipped/>
  </testcase> <!-- rightCredentialsTest -->
  <testcase name="invalidEmail" time="0.0" classname="com.prestashop.tests.login.NegativeSignInTests">
    <skipped/>
  </testcase> <!-- invalidEmail -->
  <testcase name="invalidPassword" time="0.0" classname="com.prestashop.tests.login.NegativeSignInTests">
    <skipped/>
  </testcase> <!-- invalidPassword -->
  <testcase name="noEmailTest" time="0.0" classname="com.prestashop.tests.login.NegativeSignInTests">
    <skipped/>
  </testcase> <!-- noEmailTest -->
  <testcase name="noPasswordTest" time="0.0" classname="com.prestashop.tests.login.NegativeSignInTests">
    <skipped/>
  </testcase> <!-- noPasswordTest -->
  <testcase name="wrongCredentialsTest" time="0.0" classname="com.prestashop.tests.login.NegativeSignInTests">
    <skipped/>
  </testcase> <!-- wrongCredentialsTest -->
</testsuite> <!-- Integration Test -->
